2023-10-02 19:23:22,939 [main] INFO  com.yourorganization.maven_sample.hw2.models.Vehicle - 123
2023-10-02 19:23:23,174 [main] INFO  com.yourorganization.maven_sample.hw2.models.Vehicle - 123
2023-10-02 19:23:23,174 [main] INFO  com.yourorganization.maven_sample.hw2.models.Vehicle - 123
2023-10-02 19:23:23,174 [main] INFO  com.yourorganization.maven_sample.hw2.models.Vehicle - 123
2023-10-02 19:29:28,460 [main] INFO  com.yourorganization.maven_sample.hw2.models.Vehicle - 123
2023-10-02 19:29:28,460 [main] INFO  com.yourorganization.maven_sample.hw2.models.Vehicle - 123
2023-10-02 19:29:28,460 [main] INFO  com.yourorganization.maven_sample.hw2.models.Vehicle - 123
2023-10-02 19:30:37,507 [main] INFO  com.yourorganization.maven_sample.hw2.models.Vehicle - 123
2023-10-02 19:30:37,508 [main] INFO  com.yourorganization.maven_sample.hw2.models.Vehicle - 123
2023-10-02 19:30:37,508 [main] INFO  com.yourorganization.maven_sample.hw2.models.Vehicle - 123
2023-10-02 19:31:42,037 [main] INFO  com.yourorganization.maven_sample.hw2.models.Vehicle - 123
2023-10-02 19:31:42,037 [main] INFO  com.yourorganization.maven_sample.hw2.models.Vehicle - 123
2023-10-02 19:31:42,037 [main] INFO  com.yourorganization.maven_sample.hw2.models.Vehicle - 123
2023-10-02 19:34:27,152 [main] INFO  com.yourorganization.maven_sample.hw2.models.Vehicle - 123
2023-10-02 19:34:27,152 [main] INFO  com.yourorganization.maven_sample.hw2.models.Vehicle - 123
2023-10-02 19:34:27,152 [main] INFO  com.yourorganization.maven_sample.hw2.models.Vehicle - 123
2023-10-02 19:35:52,011 [main] INFO  com.yourorganization.maven_sample.hw2.models.Vehicle - 123
2023-10-02 19:35:52,012 [main] INFO  com.yourorganization.maven_sample.hw2.models.Vehicle - 123
2023-10-02 19:35:52,012 [main] INFO  com.yourorganization.maven_sample.hw2.models.Vehicle - 123
2023-10-02 19:36:49,803 [main] INFO  com.yourorganization.maven_sample.hw2.models.Vehicle - 123
2023-10-02 19:36:49,804 [main] INFO  com.yourorganization.maven_sample.hw2.models.Vehicle - 123
2023-10-02 19:36:49,804 [main] INFO  com.yourorganization.maven_sample.hw2.models.Vehicle - 123
2023-10-02 19:40:43,533 [main] INFO  com.yourorganization.maven_sample.hw2.models.Vehicle - 123
2023-10-02 19:40:43,533 [main] INFO  com.yourorganization.maven_sample.hw2.models.Vehicle - 123
2023-10-02 19:40:43,533 [main] INFO  com.yourorganization.maven_sample.hw2.models.Vehicle - 123
2023-10-02 19:42:04,528 [main] INFO  com.yourorganization.maven_sample.hw2.models.Vehicle - 123
2023-10-02 19:42:04,529 [main] INFO  com.yourorganization.maven_sample.hw2.models.Vehicle - 123
2023-10-02 19:42:04,529 [main] INFO  com.yourorganization.maven_sample.hw2.models.Vehicle - 123
2023-10-02 19:42:04,571 [main] INFO  com.yourorganization.maven_sample.hw2.models.Vehicle - Vehicle 1 has been assigned a new trip (Trip ID: 2036).
2023-10-02 19:42:04,578 [main] INFO  com.yourorganization.maven_sample.hw2.models.Vehicle - Vehicle 2 has been assigned a new trip (Trip ID: 2036).
2023-10-02 19:44:37,276 [main] INFO  com.yourorganization.maven_sample.hw2.models.Vehicle - 123
2023-10-02 19:44:37,276 [main] INFO  com.yourorganization.maven_sample.hw2.models.Vehicle - 123
2023-10-02 19:44:37,276 [main] INFO  com.yourorganization.maven_sample.hw2.models.Vehicle - 123
2023-10-02 19:44:37,322 [main] INFO  com.yourorganization.maven_sample.hw2.models.Vehicle - Vehicle 0 has been assigned a new trip (Trip ID: 2036).
2023-10-02 19:51:10,708 [main] INFO  com.yourorganization.maven_sample.hw2.models.Vehicle - 123
2023-10-02 19:51:10,708 [main] INFO  com.yourorganization.maven_sample.hw2.models.Vehicle - 123
2023-10-02 19:51:10,708 [main] INFO  com.yourorganization.maven_sample.hw2.models.Vehicle - 123
2023-10-02 19:51:10,754 [main] INFO  com.yourorganization.maven_sample.hw2.models.Vehicle - Vehicle 1 has been assigned a new trip (Trip ID: -196262140).
2023-10-02 19:52:29,665 [main] INFO  com.yourorganization.maven_sample.hw2.models.Vehicle - 123
2023-10-02 19:52:29,666 [main] INFO  com.yourorganization.maven_sample.hw2.models.Vehicle - 123
2023-10-02 19:52:29,666 [main] INFO  com.yourorganization.maven_sample.hw2.models.Vehicle - 123
2023-10-02 19:52:29,713 [main] INFO  com.yourorganization.maven_sample.hw2.models.Vehicle - Vehicle 2 has been assigned a new trip (Trip ID: -533313373).
2023-10-02 19:52:29,718 [main] INFO  com.yourorganization.maven_sample.hw2.models.Vehicle - Vehicle 0 has been assigned a new trip (Trip ID: -1997452977).
2023-10-02 20:04:49,878 [main] INFO  com.yourorganization.maven_sample.hw2.models.Vehicle - 123
2023-10-02 20:04:49,878 [main] INFO  com.yourorganization.maven_sample.hw2.models.Vehicle - 123
2023-10-02 20:04:49,878 [main] INFO  com.yourorganization.maven_sample.hw2.models.Vehicle - 123
2023-10-02 20:04:49,921 [main] INFO  com.yourorganization.maven_sample.hw2.models.Vehicle - Vehicle 1 has been assigned a new trip (Trip ID: 1912491631).
2023-10-02 20:04:49,929 [main] INFO  com.yourorganization.maven_sample.hw2.models.Vehicle - Vehicle 2 has been assigned a new trip (Trip ID: 1912491631).
2023-10-02 20:14:20,314 [main] INFO  com.yourorganization.maven_sample.hw2.models.Vehicle - 123
2023-10-02 20:14:20,315 [main] INFO  com.yourorganization.maven_sample.hw2.models.Vehicle - 123
2023-10-02 20:14:20,315 [main] INFO  com.yourorganization.maven_sample.hw2.models.Vehicle - 123
2023-10-02 20:14:20,363 [main] INFO  com.yourorganization.maven_sample.hw2.models.Vehicle - Vehicle 1 has been assigned a new trip (Trip ID: 2).
2023-10-02 20:14:20,369 [main] INFO  com.yourorganization.maven_sample.hw2.models.Vehicle - Vehicle 2 has been assigned a new trip (Trip ID: 3).
2023-10-02 20:17:55,181 [main] INFO  com.yourorganization.maven_sample.hw2.models.Vehicle - 123
2023-10-02 20:17:55,181 [main] INFO  com.yourorganization.maven_sample.hw2.models.Vehicle - 123
2023-10-02 20:17:55,181 [main] INFO  com.yourorganization.maven_sample.hw2.models.Vehicle - 123
2023-10-02 20:17:55,233 [main] INFO  com.yourorganization.maven_sample.hw2.models.Vehicle - Vehicle 1 has been assigned a new trip (Trip ID: 2).
2023-10-02 20:17:55,239 [main] INFO  com.yourorganization.maven_sample.hw2.models.Vehicle - Vehicle 2 has been assigned a new trip (Trip ID: 3).
2023-10-02 20:17:55,245 [main] INFO  com.yourorganization.maven_sample.hw2.models.Vehicle - Vehicle 0 has been assigned a new trip (Trip ID: 4).
2023-10-02 20:19:35,894 [main] INFO  com.yourorganization.maven_sample.hw2.models.Vehicle - 123
2023-10-02 20:19:35,895 [main] INFO  com.yourorganization.maven_sample.hw2.models.Vehicle - 123
2023-10-02 20:19:35,895 [main] INFO  com.yourorganization.maven_sample.hw2.models.Vehicle - 123
2023-10-02 20:19:35,909 [main] INFO  com.yourorganization.maven_sample.hw2.models.Driver - Driver Jack has completed the request (Request ID: 1). Total earnings: $600.0
2023-10-02 20:19:35,911 [main] INFO  com.yourorganization.maven_sample.hw2.models.Vehicle - Vehicle 1 has completed the trip (Trip ID: 2).
2023-10-02 20:19:35,914 [main] INFO  com.yourorganization.maven_sample.hw2.models.Driver - Driver Alex has completed the request (Request ID: 2). Total earnings: $200.0
2023-10-02 20:19:35,916 [main] INFO  com.yourorganization.maven_sample.hw2.models.Vehicle - Vehicle 2 has completed the trip (Trip ID: 3).
2023-10-02 20:19:35,920 [main] INFO  com.yourorganization.maven_sample.hw2.models.Driver - Driver Bob has completed the request (Request ID: 3). Total earnings: $1100.0
2023-10-02 20:19:35,921 [main] INFO  com.yourorganization.maven_sample.hw2.models.Vehicle - Vehicle 0 has completed the trip (Trip ID: 4).
2023-10-02 20:27:42,483 [main] INFO  com.yourorganization.maven_sample.hw2.models.Vehicle - 123
2023-10-02 20:27:42,483 [main] INFO  com.yourorganization.maven_sample.hw2.models.Vehicle - 123
2023-10-02 20:27:42,483 [main] INFO  com.yourorganization.maven_sample.hw2.models.Vehicle - 123
2023-10-02 20:27:42,525 [main] INFO  com.yourorganization.maven_sample.hw2.models.Vehicle - Vehicle 1 has been assigned a new trip (Trip ID: 2).
2023-10-02 20:27:42,532 [main] INFO  com.yourorganization.maven_sample.hw2.models.Vehicle - Vehicle 2 has been assigned a new trip (Trip ID: 3).
2023-10-02 20:27:42,537 [main] INFO  com.yourorganization.maven_sample.hw2.models.Vehicle - Vehicle 0 has been assigned a new trip (Trip ID: 5).
2023-10-02 20:29:31,321 [main] INFO  com.yourorganization.maven_sample.hw2.models.Vehicle - 123
2023-10-02 20:29:31,321 [main] INFO  com.yourorganization.maven_sample.hw2.models.Vehicle - 123
2023-10-02 20:29:31,321 [main] INFO  com.yourorganization.maven_sample.hw2.models.Vehicle - 123
2023-10-02 20:29:31,336 [main] INFO  com.yourorganization.maven_sample.hw2.models.Driver - Driver Magnus has completed the request (Request ID: 1). Total earnings: $900.0
2023-10-02 20:29:31,337 [main] INFO  com.yourorganization.maven_sample.hw2.models.Vehicle - Vehicle 1 has completed the trip (Trip ID: 2).
2023-10-02 20:29:31,341 [main] INFO  com.yourorganization.maven_sample.hw2.models.Driver - Driver Jack has completed the request (Request ID: 2). Total earnings: $600.0
2023-10-02 20:29:31,342 [main] INFO  com.yourorganization.maven_sample.hw2.models.Vehicle - Vehicle 2 has completed the trip (Trip ID: 3).
2023-10-02 20:29:31,345 [main] INFO  com.yourorganization.maven_sample.hw2.models.Driver - Driver Bob has completed the request (Request ID: 4). Total earnings: $1100.0
2023-10-02 20:29:31,348 [main] INFO  com.yourorganization.maven_sample.hw2.models.Vehicle - Vehicle 0 has completed the trip (Trip ID: 5).
2023-10-02 20:34:32,129 [main] INFO  com.yourorganization.maven_sample.hw2.models.Vehicle - 123
2023-10-02 20:34:32,130 [main] INFO  com.yourorganization.maven_sample.hw2.models.Vehicle - 123
2023-10-02 20:34:32,130 [main] INFO  com.yourorganization.maven_sample.hw2.models.Vehicle - 123
2023-10-02 20:34:32,182 [main] INFO  com.yourorganization.maven_sample.hw2.models.Vehicle - Vehicle 1 has been assigned a new trip (Trip ID: 2).
2023-10-02 20:34:32,189 [main] INFO  com.yourorganization.maven_sample.hw2.models.Vehicle - Vehicle 2 has been assigned a new trip (Trip ID: 3).
2023-10-02 20:36:36,335 [main] INFO  com.yourorganization.maven_sample.hw2.models.Vehicle - Vehicle 0 has been assigned a new trip (Trip ID: 5).
2023-10-02 20:36:36,377 [main] INFO  com.yourorganization.maven_sample.hw2.models.Vehicle - 123
2023-10-02 20:36:36,377 [main] INFO  com.yourorganization.maven_sample.hw2.models.Vehicle - 123
2023-10-02 20:36:36,377 [main] INFO  com.yourorganization.maven_sample.hw2.models.Vehicle - 123
2023-10-02 20:36:36,391 [main] INFO  com.yourorganization.maven_sample.hw2.models.Driver - Driver Magnus has completed the request (Request ID: 1). Total earnings: $900.0
2023-10-02 20:36:36,393 [main] INFO  com.yourorganization.maven_sample.hw2.models.Vehicle - Vehicle 1 has completed the trip (Trip ID: 2).
2023-10-02 20:36:36,397 [main] INFO  com.yourorganization.maven_sample.hw2.models.Driver - Driver Jack has completed the request (Request ID: 2). Total earnings: $600.0
2023-10-02 20:36:36,399 [main] INFO  com.yourorganization.maven_sample.hw2.models.Vehicle - Vehicle 2 has completed the trip (Trip ID: 3).
2023-10-02 20:43:00,527 [main] INFO  com.yourorganization.maven_sample.hw2.models.Vehicle - 123
2023-10-02 20:43:00,527 [main] INFO  com.yourorganization.maven_sample.hw2.models.Vehicle - 123
2023-10-02 20:43:00,527 [main] INFO  com.yourorganization.maven_sample.hw2.models.Vehicle - 123
2023-10-02 20:43:16,363 [main] INFO  com.yourorganization.maven_sample.hw2.models.Vehicle - Vehicle 1 has been assigned a new trip (Trip ID: 2).
2023-10-02 20:43:16,369 [main] INFO  com.yourorganization.maven_sample.hw2.models.Vehicle - Vehicle 2 has been assigned a new trip (Trip ID: 3).
2023-10-02 20:43:57,490 [main] INFO  com.yourorganization.maven_sample.hw2.models.Vehicle - Vehicle 0 has been assigned a new trip (Trip ID: 4).
2023-10-02 20:43:57,532 [main] INFO  com.yourorganization.maven_sample.hw2.models.Vehicle - 123
2023-10-02 20:43:57,532 [main] INFO  com.yourorganization.maven_sample.hw2.models.Vehicle - 123
2023-10-02 20:43:57,532 [main] INFO  com.yourorganization.maven_sample.hw2.models.Vehicle - 123
2023-10-02 20:43:57,546 [main] INFO  com.yourorganization.maven_sample.hw2.models.Driver - Driver Magnus has completed the request (Request ID: 2). Total earnings: $900.0
2023-10-02 20:43:57,548 [main] INFO  com.yourorganization.maven_sample.hw2.models.Vehicle - Vehicle 2 has completed the trip (Trip ID: 3).
2023-10-02 20:55:42,594 [main] INFO  com.yourorganization.maven_sample.hw2.models.Vehicle - 123
2023-10-02 20:55:42,594 [main] INFO  com.yourorganization.maven_sample.hw2.models.Vehicle - 123
2023-10-02 20:55:42,594 [main] INFO  com.yourorganization.maven_sample.hw2.models.Vehicle - 123
2023-10-02 20:55:42,656 [main] INFO  com.yourorganization.maven_sample.hw2.models.Vehicle - Vehicle 1 has been assigned a new trip (Trip ID: 238).
2023-10-02 20:55:42,663 [main] INFO  com.yourorganization.maven_sample.hw2.models.Vehicle - Vehicle 2 has been assigned a new trip (Trip ID: 311).
2023-10-02 20:56:24,861 [main] INFO  com.yourorganization.maven_sample.hw2.models.Vehicle - Vehicle 0 has been assigned a new trip (Trip ID: 405).
2023-10-02 20:56:24,905 [main] INFO  com.yourorganization.maven_sample.hw2.models.Vehicle - 123
2023-10-02 20:56:24,905 [main] INFO  com.yourorganization.maven_sample.hw2.models.Vehicle - 123
2023-10-02 20:56:24,905 [main] INFO  com.yourorganization.maven_sample.hw2.models.Vehicle - 123
2023-10-02 20:56:24,919 [main] INFO  com.yourorganization.maven_sample.hw2.models.Driver - Driver Magnus has completed the request (Request ID: 1). Total earnings: $900.0
2023-10-02 20:56:24,920 [main] INFO  com.yourorganization.maven_sample.hw2.models.Vehicle - Vehicle 1 has completed the trip (Trip ID: 238).
2023-10-02 21:46:23,102 [main] INFO  com.yourorganization.maven_sample.hw2.models.Vehicle - 123
2023-10-02 21:46:23,102 [main] INFO  com.yourorganization.maven_sample.hw2.models.Vehicle - 123
2023-10-02 21:46:23,103 [main] INFO  com.yourorganization.maven_sample.hw2.models.Vehicle - 123
2023-10-02 21:46:23,151 [main] INFO  com.yourorganization.maven_sample.hw2.models.Vehicle - Vehicle 1 has been assigned a new trip (Trip ID: 696).
2023-10-02 21:46:23,169 [main] INFO  com.yourorganization.maven_sample.hw2.models.Vehicle - Vehicle 2 has been assigned a new trip (Trip ID: 472).
2023-10-02 21:52:31,308 [main] INFO  com.yourorganization.maven_sample.hw2.models.Vehicle - 123
2023-10-02 21:52:31,309 [main] INFO  com.yourorganization.maven_sample.hw2.models.Vehicle - 123
2023-10-02 21:52:31,309 [main] INFO  com.yourorganization.maven_sample.hw2.models.Vehicle - 123
2023-10-02 21:53:26,362 [main] INFO  com.yourorganization.maven_sample.hw2.models.Vehicle - Vehicle 1 has been assigned a new trip (Trip ID: 787).
2023-10-02 21:53:39,889 [main] INFO  com.yourorganization.maven_sample.hw2.models.Vehicle - Vehicle 2 has been assigned a new trip (Trip ID: 338).
2023-10-02 21:53:39,924 [main] INFO  com.yourorganization.maven_sample.hw2.models.Vehicle - 123
2023-10-02 21:53:39,924 [main] INFO  com.yourorganization.maven_sample.hw2.models.Vehicle - 123
2023-10-02 21:53:39,924 [main] INFO  com.yourorganization.maven_sample.hw2.models.Vehicle - 123
2023-10-02 21:53:39,933 [main] INFO  com.yourorganization.maven_sample.hw2.models.Driver - Driver Alex has completed the request (Request ID: 1). Total earnings: $200.0
2023-10-02 21:53:39,933 [main] INFO  com.yourorganization.maven_sample.hw2.models.Vehicle - Vehicle 1 has completed the trip (Trip ID: 787).
2023-10-02 21:55:50,396 [main] INFO  com.yourorganization.maven_sample.hw2.models.Vehicle - 123
2023-10-02 21:55:50,397 [main] INFO  com.yourorganization.maven_sample.hw2.models.Vehicle - 123
2023-10-02 21:55:50,397 [main] INFO  com.yourorganization.maven_sample.hw2.models.Vehicle - 123
2023-10-02 21:56:01,384 [main] INFO  com.yourorganization.maven_sample.hw2.models.Vehicle - Vehicle 1 has been assigned a new trip (Trip ID: 508).
2023-10-02 21:56:01,390 [main] INFO  com.yourorganization.maven_sample.hw2.models.Vehicle - Vehicle 2 has been assigned a new trip (Trip ID: 564).
2023-10-02 21:56:39,000 [main] INFO  com.yourorganization.maven_sample.hw2.models.Vehicle - Vehicle 0 has been assigned a new trip (Trip ID: 901).
2023-10-02 21:56:39,032 [main] INFO  com.yourorganization.maven_sample.hw2.models.Vehicle - 123
2023-10-02 21:56:39,032 [main] INFO  com.yourorganization.maven_sample.hw2.models.Vehicle - 123
2023-10-02 21:56:39,032 [main] INFO  com.yourorganization.maven_sample.hw2.models.Vehicle - 123
2023-10-02 21:56:39,043 [main] INFO  com.yourorganization.maven_sample.hw2.models.Driver - Driver Jack has completed the request (Request ID: 2). Total earnings: $600.0
2023-10-02 21:56:39,046 [main] INFO  com.yourorganization.maven_sample.hw2.models.Vehicle - Vehicle 2 has completed the trip (Trip ID: 564).
2023-10-02 21:57:20,442 [main] INFO  com.yourorganization.maven_sample.hw2.models.Driver - Driver Bob has completed the request (Request ID: 1). Total earnings: $1100.0
2023-10-02 21:57:20,443 [main] INFO  com.yourorganization.maven_sample.hw2.models.Vehicle - Vehicle 1 has completed the trip (Trip ID: 508).
2023-10-02 21:57:44,979 [main] INFO  com.yourorganization.maven_sample.hw2.models.Driver - Driver Magnus has completed the request (Request ID: 3). Total earnings: $900.0
2023-10-02 21:57:44,980 [main] INFO  com.yourorganization.maven_sample.hw2.models.Vehicle - Vehicle 0 has completed the trip (Trip ID: 901).
2023-10-03 12:51:19,416 [main] INFO  com.yourorganization.maven_sample.hw2.models.Vehicle - 123
2023-10-03 12:51:19,416 [main] INFO  com.yourorganization.maven_sample.hw2.models.Vehicle - 123
2023-10-03 12:51:19,416 [main] INFO  com.yourorganization.maven_sample.hw2.models.Vehicle - 123
2023-10-03 12:51:19,481 [main] INFO  com.yourorganization.maven_sample.hw2.models.Vehicle - Vehicle 1 has been assigned a new trip (Trip ID: 61).
2023-10-03 12:51:19,490 [main] INFO  com.yourorganization.maven_sample.hw2.models.Vehicle - Vehicle 2 has been assigned a new trip (Trip ID: 48).
2023-10-03 12:51:19,499 [main] INFO  com.yourorganization.maven_sample.hw2.models.Vehicle - Vehicle 0 has been assigned a new trip (Trip ID: 988).
2023-10-03 12:51:19,532 [main] INFO  com.yourorganization.maven_sample.hw2.models.Trip - Trip cannot be completed due to vehicle issues.
2023-10-03 12:51:19,564 [main] INFO  com.yourorganization.maven_sample.hw2.models.Vehicle - 123
2023-10-03 12:51:19,564 [main] INFO  com.yourorganization.maven_sample.hw2.models.Vehicle - 123
2023-10-03 12:51:19,564 [main] INFO  com.yourorganization.maven_sample.hw2.models.Vehicle - 123
2023-10-03 12:51:19,586 [main] INFO  com.yourorganization.maven_sample.hw2.models.Driver - Driver Magnus has completed the request (Request ID: 3). Total earnings: $900.0
2023-10-03 12:51:19,588 [main] INFO  com.yourorganization.maven_sample.hw2.models.Vehicle - Vehicle 0 has completed the trip (Trip ID: 901).
2023-10-03 12:51:19,588 [main] INFO  com.yourorganization.maven_sample.hw2.models.Trip - Trip cannot be completed due to vehicle issues.
2023-10-03 12:51:19,593 [main] INFO  com.yourorganization.maven_sample.hw2.models.Driver - Driver Bob has completed the request (Request ID: 5). Total earnings: $1100.0
2023-10-03 12:51:19,596 [main] INFO  com.yourorganization.maven_sample.hw2.models.Vehicle - Vehicle 2 has completed the trip (Trip ID: 48).
2023-10-03 13:00:00,373 [main] INFO  com.yourorganization.maven_sample.hw2.models.Vehicle - 123
2023-10-03 13:00:00,373 [main] INFO  com.yourorganization.maven_sample.hw2.models.Vehicle - 123
2023-10-03 13:00:00,374 [main] INFO  com.yourorganization.maven_sample.hw2.models.Vehicle - 123
2023-10-03 13:00:00,435 [main] INFO  com.yourorganization.maven_sample.hw2.models.Vehicle - Vehicle 1 has been assigned a new trip (Trip ID: 325).
2023-10-03 13:00:28,914 [main] INFO  com.yourorganization.maven_sample.hw2.models.Vehicle - Vehicle 2 has been assigned a new trip (Trip ID: 706).
2023-10-03 13:00:28,921 [main] INFO  com.yourorganization.maven_sample.hw2.models.Vehicle - Vehicle 0 has been assigned a new trip (Trip ID: 596).
2023-10-03 13:00:28,972 [main] INFO  com.yourorganization.maven_sample.hw2.models.Vehicle - 123
2023-10-03 13:00:28,972 [main] INFO  com.yourorganization.maven_sample.hw2.models.Vehicle - 123
2023-10-03 13:00:28,972 [main] INFO  com.yourorganization.maven_sample.hw2.models.Vehicle - 123
2023-10-03 13:00:28,993 [main] INFO  com.yourorganization.maven_sample.hw2.models.Driver - Driver Magnus has completed the request (Request ID: 1). Total earnings: $900.0
2023-10-03 13:00:28,995 [main] INFO  com.yourorganization.maven_sample.hw2.models.Vehicle - Vehicle 1 has completed the trip (Trip ID: 325).
2023-10-03 13:00:56,089 [main] INFO  com.yourorganization.maven_sample.hw2.models.Trip - Trip cannot be completed due to vehicle issues.
2023-10-03 13:00:56,098 [main] INFO  com.yourorganization.maven_sample.hw2.models.Driver - Driver Alex has not completed the request (Request ID: 2). Due to vehicle issues. Total earnings: $200.0
2023-10-03 13:00:56,099 [main] INFO  com.yourorganization.maven_sample.hw2.models.Driver - Driver Alex has requested a vehicle repair.
2023-10-03 13:00:56,105 [main] INFO  com.yourorganization.maven_sample.hw2.models.Vehicle - Vehicle 2 has completed the trip (Trip ID: 706).
